<?xml version="1.0" encoding="UTF-8"?>
<testsuites>
  <testsuite name="Angular Okta App" timestamp="2021-11-20T00:33:30" time="19.067" tests="0" failures="0" errors="0" skipped="0">
    <properties>
      <property name="specId" value="0"/>
      <property name="suiteName" value="Angular + Okta App"/>
      <property name="capabilities" value="chrome.95_0_4638_69.macosx"/>
      <property name="file" value="./specs/app.e2e.js"/>
    </properties>
  </testsuite>
  <testsuite name="implicit flow" timestamp="2021-11-20T00:33:30" time="10.062" tests="3" failures="0" errors="0" skipped="0">
    <properties>
      <property name="specId" value="0"/>
      <property name="suiteName" value="implicit flow"/>
      <property name="capabilities" value="chrome.95_0_4638_69.macosx"/>
      <property name="file" value="./specs/app.e2e.js"/>
    </properties>
    <testcase classname="chrome.95_0_4638_69.macosx.Angular_+_Okta_App.implicit_flow" name="should redirect to Okta for login when trying to access a protected page" time="4.167">
      <system-out><![CDATA[
COMMAND: POST /session/007108edf23749a67bbf856c3c8bc8c6/url - {"url":"http://localhost:8080/protected"}
RESULT: {"url":"http://localhost:8080/protected"}
COMMAND: POST /session/007108edf23749a67bbf856c3c8bc8c6/element - {"using":"css selector","value":"#okta-signin-submit"}
RESULT: {"using":"css selector","value":"#okta-signin-submit"}
COMMAND: POST /session/007108edf23749a67bbf856c3c8bc8c6/element - {"using":"css selector","value":"#okta-signin-submit"}
RESULT: {"using":"css selector","value":"#okta-signin-submit"}
COMMAND: POST /session/007108edf23749a67bbf856c3c8bc8c6/element - {"using":"css selector","value":"#okta-signin-submit"}
RESULT: {"using":"css selector","value":"#okta-signin-submit"}
COMMAND: POST /session/007108edf23749a67bbf856c3c8bc8c6/element - {"using":"css selector","value":"#okta-signin-submit"}
RESULT: {"using":"css selector","value":"#okta-signin-submit"}
COMMAND: POST /session/007108edf23749a67bbf856c3c8bc8c6/execute/sync - {"script":"return (function isElementDisplayed(element) {\n    function nodeIsElement(node) {\n        if (!node) {\n            return false;\n        }\n        switch (node.nodeType) {\n            case Node.ELEMEN ... (7762 more bytes)","args":[{"element-6066-11e4-a52e-4f735466cecf":"7133ba74-5413-4a66-9114-b0d48cf65bfe","ELEMENT":"7133ba74-5413-4a66-9114-b0d48cf65bfe"}]}
RESULT: {"script":"return (function isElementDisplayed(element) {\n    function nodeIsElement(node) {\n        if (!node) {\n            return false;\n        }\n        switch (node.nodeType) {\n            case Node.ELEMEN ... (7762 more bytes)","args":[{"element-6066-11e4-a52e-4f735466cecf":"7133ba74-5413-4a66-9114-b0d48cf65bfe","ELEMENT":"7133ba74-5413-4a66-9114-b0d48cf65bfe"}]}
COMMAND: POST /session/007108edf23749a67bbf856c3c8bc8c6/element - {"using":"css selector","value":"#okta-signin-username"}
RESULT: {"using":"css selector","value":"#okta-signin-username"}
COMMAND: POST /session/007108edf23749a67bbf856c3c8bc8c6/element/34f02c3b-4eec-4e51-97fb-f37bd1e775f4/clear - {}
RESULT: {}
COMMAND: POST /session/007108edf23749a67bbf856c3c8bc8c6/element/34f02c3b-4eec-4e51-97fb-f37bd1e775f4/value - {"text":"george@acme.com"}
RESULT: {"text":"george@acme.com"}
COMMAND: POST /session/007108edf23749a67bbf856c3c8bc8c6/element - {"using":"css selector","value":"#okta-signin-password"}
RESULT: {"using":"css selector","value":"#okta-signin-password"}
COMMAND: POST /session/007108edf23749a67bbf856c3c8bc8c6/element/fef69d3d-c18c-43b9-a846-e678abf09624/clear - {}
RESULT: {}
COMMAND: POST /session/007108edf23749a67bbf856c3c8bc8c6/element/fef69d3d-c18c-43b9-a846-e678abf09624/value - {"text":"Abcd1234"}
RESULT: {"text":"Abcd1234"}
COMMAND: POST /session/007108edf23749a67bbf856c3c8bc8c6/element - {"using":"css selector","value":"#okta-signin-submit"}
RESULT: {"using":"css selector","value":"#okta-signin-submit"}
COMMAND: POST /session/007108edf23749a67bbf856c3c8bc8c6/element/7133ba74-5413-4a66-9114-b0d48cf65bfe/click - {}
RESULT: {}
COMMAND: POST /session/007108edf23749a67bbf856c3c8bc8c6/element - {"using":"css selector","value":"#userinfo-container"}
RESULT: {"using":"css selector","value":"#userinfo-container"}
COMMAND: POST /session/007108edf23749a67bbf856c3c8bc8c6/elements - {"using":"css selector","value":"#userinfo-container"}
RESULT: {"using":"css selector","value":"#userinfo-container"}
COMMAND: POST /session/007108edf23749a67bbf856c3c8bc8c6/elements - {"using":"css selector","value":"#userinfo-container"}
RESULT: {"using":"css selector","value":"#userinfo-container"}
COMMAND: POST /session/007108edf23749a67bbf856c3c8bc8c6/elements - {"using":"css selector","value":"#userinfo-container"}
RESULT: {"using":"css selector","value":"#userinfo-container"}
COMMAND: POST /session/007108edf23749a67bbf856c3c8bc8c6/elements - {"using":"css selector","value":"#userinfo-container"}
RESULT: {"using":"css selector","value":"#userinfo-container"}
COMMAND: POST /session/007108edf23749a67bbf856c3c8bc8c6/element - {"using":"css selector","value":"#userinfo-container"}
RESULT: {"using":"css selector","value":"#userinfo-container"}
COMMAND: GET /session/007108edf23749a67bbf856c3c8bc8c6/element/bcd3d164-57af-4c3b-a77e-8733201a58da/text - {}
RESULT: {}
COMMAND: POST /session/007108edf23749a67bbf856c3c8bc8c6/element - {"using":"css selector","value":"#userinfo-container"}
RESULT: {"using":"css selector","value":"#userinfo-container"}
COMMAND: GET /session/007108edf23749a67bbf856c3c8bc8c6/element/bcd3d164-57af-4c3b-a77e-8733201a58da/text - {}
RESULT: {}
COMMAND: POST /session/007108edf23749a67bbf856c3c8bc8c6/element - {"using":"css selector","value":"#logout-button"}
RESULT: {"using":"css selector","value":"#logout-button"}
COMMAND: POST /session/007108edf23749a67bbf856c3c8bc8c6/execute/sync - {"script":"return (function isElementDisplayed(element) {\n    function nodeIsElement(node) {\n        if (!node) {\n            return false;\n        }\n        switch (node.nodeType) {\n            case Node.ELEMEN ... (7762 more bytes)","args":[{"element-6066-11e4-a52e-4f735466cecf":"3a434a66-ac45-48e6-911d-8550f61203ac","ELEMENT":"3a434a66-ac45-48e6-911d-8550f61203ac"}]}
RESULT: {"script":"return (function isElementDisplayed(element) {\n    function nodeIsElement(node) {\n        if (!node) {\n            return false;\n        }\n        switch (node.nodeType) {\n            case Node.ELEMEN ... (7762 more bytes)","args":[{"element-6066-11e4-a52e-4f735466cecf":"3a434a66-ac45-48e6-911d-8550f61203ac","ELEMENT":"3a434a66-ac45-48e6-911d-8550f61203ac"}]}
COMMAND: POST /session/007108edf23749a67bbf856c3c8bc8c6/element - {"using":"css selector","value":"#logout-button"}
RESULT: {"using":"css selector","value":"#logout-button"}
COMMAND: POST /session/007108edf23749a67bbf856c3c8bc8c6/element/3a434a66-ac45-48e6-911d-8550f61203ac/click - {}
RESULT: {}
COMMAND: POST /session/007108edf23749a67bbf856c3c8bc8c6/element - {"using":"css selector","value":"#login-button"}
RESULT: {"using":"css selector","value":"#login-button"}
COMMAND: POST /session/007108edf23749a67bbf856c3c8bc8c6/element - {"using":"css selector","value":"#login-button"}
RESULT: {"using":"css selector","value":"#login-button"}
COMMAND: POST /session/007108edf23749a67bbf856c3c8bc8c6/element - {"using":"css selector","value":"#login-button"}
RESULT: {"using":"css selector","value":"#login-button"}
COMMAND: POST /session/007108edf23749a67bbf856c3c8bc8c6/execute/sync - {"script":"return (function isElementDisplayed(element) {\n    function nodeIsElement(node) {\n        if (!node) {\n            return false;\n        }\n        switch (node.nodeType) {\n            case Node.ELEMEN ... (7762 more bytes)","args":[{"element-6066-11e4-a52e-4f735466cecf":"47cc8090-88c9-40f9-8fc5-c239f60ea944","ELEMENT":"47cc8090-88c9-40f9-8fc5-c239f60ea944"}]}
RESULT: {"script":"return (function isElementDisplayed(element) {\n    function nodeIsElement(node) {\n        if (!node) {\n            return false;\n        }\n        switch (node.nodeType) {\n            case Node.ELEMEN ... (7762 more bytes)","args":[{"element-6066-11e4-a52e-4f735466cecf":"47cc8090-88c9-40f9-8fc5-c239f60ea944","ELEMENT":"47cc8090-88c9-40f9-8fc5-c239f60ea944"}]}
]]></system-out>
    </testcase>
    <testcase classname="chrome.95_0_4638_69.macosx.Angular_+_Okta_App.implicit_flow" name="should preserve query paramaters after redirecting to Okta" time="3.12">
      <system-out><![CDATA[
COMMAND: POST /session/007108edf23749a67bbf856c3c8bc8c6/url - {"url":"http://localhost:8080/protected/foo?state=bar"}
RESULT: {"url":"http://localhost:8080/protected/foo?state=bar"}
COMMAND: POST /session/007108edf23749a67bbf856c3c8bc8c6/element - {"using":"css selector","value":"#okta-signin-submit"}
RESULT: {"using":"css selector","value":"#okta-signin-submit"}
COMMAND: POST /session/007108edf23749a67bbf856c3c8bc8c6/execute/sync - {"script":"return (function isElementDisplayed(element) {\n    function nodeIsElement(node) {\n        if (!node) {\n            return false;\n        }\n        switch (node.nodeType) {\n            case Node.ELEMEN ... (7762 more bytes)","args":[{"element-6066-11e4-a52e-4f735466cecf":"de937490-953b-45c2-b18d-76974a19316e","ELEMENT":"de937490-953b-45c2-b18d-76974a19316e"}]}
RESULT: {"script":"return (function isElementDisplayed(element) {\n    function nodeIsElement(node) {\n        if (!node) {\n            return false;\n        }\n        switch (node.nodeType) {\n            case Node.ELEMEN ... (7762 more bytes)","args":[{"element-6066-11e4-a52e-4f735466cecf":"de937490-953b-45c2-b18d-76974a19316e","ELEMENT":"de937490-953b-45c2-b18d-76974a19316e"}]}
COMMAND: POST /session/007108edf23749a67bbf856c3c8bc8c6/element - {"using":"css selector","value":"#okta-signin-username"}
RESULT: {"using":"css selector","value":"#okta-signin-username"}
COMMAND: POST /session/007108edf23749a67bbf856c3c8bc8c6/element/cca9aa0c-13d7-4ec6-8384-73b19aa05bee/clear - {}
RESULT: {}
COMMAND: POST /session/007108edf23749a67bbf856c3c8bc8c6/element/cca9aa0c-13d7-4ec6-8384-73b19aa05bee/value - {"text":"george@acme.com"}
RESULT: {"text":"george@acme.com"}
COMMAND: POST /session/007108edf23749a67bbf856c3c8bc8c6/element - {"using":"css selector","value":"#okta-signin-password"}
RESULT: {"using":"css selector","value":"#okta-signin-password"}
COMMAND: POST /session/007108edf23749a67bbf856c3c8bc8c6/element/e69cc9bd-776e-41af-9153-f7a69d51a931/clear - {}
RESULT: {}
COMMAND: POST /session/007108edf23749a67bbf856c3c8bc8c6/element/e69cc9bd-776e-41af-9153-f7a69d51a931/value - {"text":"Abcd1234"}
RESULT: {"text":"Abcd1234"}
COMMAND: POST /session/007108edf23749a67bbf856c3c8bc8c6/element - {"using":"css selector","value":"#okta-signin-submit"}
RESULT: {"using":"css selector","value":"#okta-signin-submit"}
COMMAND: POST /session/007108edf23749a67bbf856c3c8bc8c6/element/de937490-953b-45c2-b18d-76974a19316e/click - {}
RESULT: {}
COMMAND: POST /session/007108edf23749a67bbf856c3c8bc8c6/element - {"using":"css selector","value":"#userinfo-container"}
RESULT: {"using":"css selector","value":"#userinfo-container"}
COMMAND: POST /session/007108edf23749a67bbf856c3c8bc8c6/elements - {"using":"css selector","value":"#userinfo-container"}
RESULT: {"using":"css selector","value":"#userinfo-container"}
COMMAND: POST /session/007108edf23749a67bbf856c3c8bc8c6/elements - {"using":"css selector","value":"#userinfo-container"}
RESULT: {"using":"css selector","value":"#userinfo-container"}
COMMAND: POST /session/007108edf23749a67bbf856c3c8bc8c6/elements - {"using":"css selector","value":"#userinfo-container"}
RESULT: {"using":"css selector","value":"#userinfo-container"}
COMMAND: POST /session/007108edf23749a67bbf856c3c8bc8c6/elements - {"using":"css selector","value":"#userinfo-container"}
RESULT: {"using":"css selector","value":"#userinfo-container"}
COMMAND: POST /session/007108edf23749a67bbf856c3c8bc8c6/element - {"using":"css selector","value":"#userinfo-container"}
RESULT: {"using":"css selector","value":"#userinfo-container"}
COMMAND: GET /session/007108edf23749a67bbf856c3c8bc8c6/element/ecd2cf59-7e3f-4a0e-9a60-64bedc6167b1/text - {}
RESULT: {}
COMMAND: GET /session/007108edf23749a67bbf856c3c8bc8c6/url - {}
RESULT: {}
COMMAND: POST /session/007108edf23749a67bbf856c3c8bc8c6/element - {"using":"css selector","value":"#logout-button"}
RESULT: {"using":"css selector","value":"#logout-button"}
COMMAND: POST /session/007108edf23749a67bbf856c3c8bc8c6/execute/sync - {"script":"return (function isElementDisplayed(element) {\n    function nodeIsElement(node) {\n        if (!node) {\n            return false;\n        }\n        switch (node.nodeType) {\n            case Node.ELEMEN ... (7762 more bytes)","args":[{"element-6066-11e4-a52e-4f735466cecf":"c2f728d5-8ea1-4f13-8508-ba89ea1d0946","ELEMENT":"c2f728d5-8ea1-4f13-8508-ba89ea1d0946"}]}
RESULT: {"script":"return (function isElementDisplayed(element) {\n    function nodeIsElement(node) {\n        if (!node) {\n            return false;\n        }\n        switch (node.nodeType) {\n            case Node.ELEMEN ... (7762 more bytes)","args":[{"element-6066-11e4-a52e-4f735466cecf":"c2f728d5-8ea1-4f13-8508-ba89ea1d0946","ELEMENT":"c2f728d5-8ea1-4f13-8508-ba89ea1d0946"}]}
COMMAND: POST /session/007108edf23749a67bbf856c3c8bc8c6/element - {"using":"css selector","value":"#logout-button"}
RESULT: {"using":"css selector","value":"#logout-button"}
COMMAND: POST /session/007108edf23749a67bbf856c3c8bc8c6/element/c2f728d5-8ea1-4f13-8508-ba89ea1d0946/click - {}
RESULT: {}
COMMAND: POST /session/007108edf23749a67bbf856c3c8bc8c6/element - {"using":"css selector","value":"#login-button"}
RESULT: {"using":"css selector","value":"#login-button"}
COMMAND: POST /session/007108edf23749a67bbf856c3c8bc8c6/element - {"using":"css selector","value":"#login-button"}
RESULT: {"using":"css selector","value":"#login-button"}
COMMAND: POST /session/007108edf23749a67bbf856c3c8bc8c6/element - {"using":"css selector","value":"#login-button"}
RESULT: {"using":"css selector","value":"#login-button"}
COMMAND: POST /session/007108edf23749a67bbf856c3c8bc8c6/execute/sync - {"script":"return (function isElementDisplayed(element) {\n    function nodeIsElement(node) {\n        if (!node) {\n            return false;\n        }\n        switch (node.nodeType) {\n            case Node.ELEMEN ... (7762 more bytes)","args":[{"element-6066-11e4-a52e-4f735466cecf":"74ab2a3f-d279-40df-b576-963ea6e6e158","ELEMENT":"74ab2a3f-d279-40df-b576-963ea6e6e158"}]}
RESULT: {"script":"return (function isElementDisplayed(element) {\n    function nodeIsElement(node) {\n        if (!node) {\n            return false;\n        }\n        switch (node.nodeType) {\n            case Node.ELEMEN ... (7762 more bytes)","args":[{"element-6066-11e4-a52e-4f735466cecf":"74ab2a3f-d279-40df-b576-963ea6e6e158","ELEMENT":"74ab2a3f-d279-40df-b576-963ea6e6e158"}]}
]]></system-out>
    </testcase>
    <testcase classname="chrome.95_0_4638_69.macosx.Angular_+_Okta_App.implicit_flow" name="should redirect to Okta for login" time="2.773">
      <system-out><![CDATA[
COMMAND: POST /session/007108edf23749a67bbf856c3c8bc8c6/url - {"url":"http://localhost:8080/"}
RESULT: {"url":"http://localhost:8080/"}
COMMAND: POST /session/007108edf23749a67bbf856c3c8bc8c6/element - {"using":"css selector","value":"#login-button"}
RESULT: {"using":"css selector","value":"#login-button"}
COMMAND: POST /session/007108edf23749a67bbf856c3c8bc8c6/execute/sync - {"script":"return (function isElementDisplayed(element) {\n    function nodeIsElement(node) {\n        if (!node) {\n            return false;\n        }\n        switch (node.nodeType) {\n            case Node.ELEMEN ... (7762 more bytes)","args":[{"element-6066-11e4-a52e-4f735466cecf":"68984079-548e-4b66-8a0f-a49c77fca350","ELEMENT":"68984079-548e-4b66-8a0f-a49c77fca350"}]}
RESULT: {"script":"return (function isElementDisplayed(element) {\n    function nodeIsElement(node) {\n        if (!node) {\n            return false;\n        }\n        switch (node.nodeType) {\n            case Node.ELEMEN ... (7762 more bytes)","args":[{"element-6066-11e4-a52e-4f735466cecf":"68984079-548e-4b66-8a0f-a49c77fca350","ELEMENT":"68984079-548e-4b66-8a0f-a49c77fca350"}]}
COMMAND: POST /session/007108edf23749a67bbf856c3c8bc8c6/element - {"using":"css selector","value":"#login-button"}
RESULT: {"using":"css selector","value":"#login-button"}
COMMAND: POST /session/007108edf23749a67bbf856c3c8bc8c6/element/68984079-548e-4b66-8a0f-a49c77fca350/click - {}
RESULT: {}
COMMAND: POST /session/007108edf23749a67bbf856c3c8bc8c6/element - {"using":"css selector","value":"#okta-signin-submit"}
RESULT: {"using":"css selector","value":"#okta-signin-submit"}
COMMAND: POST /session/007108edf23749a67bbf856c3c8bc8c6/execute/sync - {"script":"return (function isElementDisplayed(element) {\n    function nodeIsElement(node) {\n        if (!node) {\n            return false;\n        }\n        switch (node.nodeType) {\n            case Node.ELEMEN ... (7762 more bytes)","args":[{"element-6066-11e4-a52e-4f735466cecf":"7f4a9a60-33bf-43b4-ab83-b0fa53806f69","ELEMENT":"7f4a9a60-33bf-43b4-ab83-b0fa53806f69"}]}
RESULT: {"script":"return (function isElementDisplayed(element) {\n    function nodeIsElement(node) {\n        if (!node) {\n            return false;\n        }\n        switch (node.nodeType) {\n            case Node.ELEMEN ... (7762 more bytes)","args":[{"element-6066-11e4-a52e-4f735466cecf":"7f4a9a60-33bf-43b4-ab83-b0fa53806f69","ELEMENT":"7f4a9a60-33bf-43b4-ab83-b0fa53806f69"}]}
COMMAND: POST /session/007108edf23749a67bbf856c3c8bc8c6/element - {"using":"css selector","value":"#okta-signin-username"}
RESULT: {"using":"css selector","value":"#okta-signin-username"}
COMMAND: POST /session/007108edf23749a67bbf856c3c8bc8c6/element/359ea206-0e8a-486f-a4f8-f4d94e594778/clear - {}
RESULT: {}
COMMAND: POST /session/007108edf23749a67bbf856c3c8bc8c6/element/359ea206-0e8a-486f-a4f8-f4d94e594778/value - {"text":"george@acme.com"}
RESULT: {"text":"george@acme.com"}
COMMAND: POST /session/007108edf23749a67bbf856c3c8bc8c6/element - {"using":"css selector","value":"#okta-signin-password"}
RESULT: {"using":"css selector","value":"#okta-signin-password"}
COMMAND: POST /session/007108edf23749a67bbf856c3c8bc8c6/element/febd448a-c19d-4099-a8a0-c31d283f16d6/clear - {}
RESULT: {}
COMMAND: POST /session/007108edf23749a67bbf856c3c8bc8c6/element/febd448a-c19d-4099-a8a0-c31d283f16d6/value - {"text":"Abcd1234"}
RESULT: {"text":"Abcd1234"}
COMMAND: POST /session/007108edf23749a67bbf856c3c8bc8c6/element - {"using":"css selector","value":"#okta-signin-submit"}
RESULT: {"using":"css selector","value":"#okta-signin-submit"}
COMMAND: POST /session/007108edf23749a67bbf856c3c8bc8c6/element/7f4a9a60-33bf-43b4-ab83-b0fa53806f69/click - {}
RESULT: {}
COMMAND: POST /session/007108edf23749a67bbf856c3c8bc8c6/element - {"using":"css selector","value":"#logout-button"}
RESULT: {"using":"css selector","value":"#logout-button"}
COMMAND: POST /session/007108edf23749a67bbf856c3c8bc8c6/element - {"using":"css selector","value":"#logout-button"}
RESULT: {"using":"css selector","value":"#logout-button"}
COMMAND: POST /session/007108edf23749a67bbf856c3c8bc8c6/element - {"using":"css selector","value":"#logout-button"}
RESULT: {"using":"css selector","value":"#logout-button"}
COMMAND: POST /session/007108edf23749a67bbf856c3c8bc8c6/element - {"using":"css selector","value":"#logout-button"}
RESULT: {"using":"css selector","value":"#logout-button"}
COMMAND: POST /session/007108edf23749a67bbf856c3c8bc8c6/element - {"using":"css selector","value":"#logout-button"}
RESULT: {"using":"css selector","value":"#logout-button"}
COMMAND: POST /session/007108edf23749a67bbf856c3c8bc8c6/execute/sync - {"script":"return (function isElementDisplayed(element) {\n    function nodeIsElement(node) {\n        if (!node) {\n            return false;\n        }\n        switch (node.nodeType) {\n            case Node.ELEMEN ... (7762 more bytes)","args":[{"element-6066-11e4-a52e-4f735466cecf":"68aa89d5-f498-44b3-b3f5-7c794f503c11","ELEMENT":"68aa89d5-f498-44b3-b3f5-7c794f503c11"}]}
RESULT: {"script":"return (function isElementDisplayed(element) {\n    function nodeIsElement(node) {\n        if (!node) {\n            return false;\n        }\n        switch (node.nodeType) {\n            case Node.ELEMEN ... (7762 more bytes)","args":[{"element-6066-11e4-a52e-4f735466cecf":"68aa89d5-f498-44b3-b3f5-7c794f503c11","ELEMENT":"68aa89d5-f498-44b3-b3f5-7c794f503c11"}]}
COMMAND: POST /session/007108edf23749a67bbf856c3c8bc8c6/element - {"using":"css selector","value":"#logout-button"}
RESULT: {"using":"css selector","value":"#logout-button"}
COMMAND: POST /session/007108edf23749a67bbf856c3c8bc8c6/execute/sync - {"script":"return (function isElementDisplayed(element) {\n    function nodeIsElement(node) {\n        if (!node) {\n            return false;\n        }\n        switch (node.nodeType) {\n            case Node.ELEMEN ... (7762 more bytes)","args":[{"element-6066-11e4-a52e-4f735466cecf":"68aa89d5-f498-44b3-b3f5-7c794f503c11","ELEMENT":"68aa89d5-f498-44b3-b3f5-7c794f503c11"}]}
RESULT: {"script":"return (function isElementDisplayed(element) {\n    function nodeIsElement(node) {\n        if (!node) {\n            return false;\n        }\n        switch (node.nodeType) {\n            case Node.ELEMEN ... (7762 more bytes)","args":[{"element-6066-11e4-a52e-4f735466cecf":"68aa89d5-f498-44b3-b3f5-7c794f503c11","ELEMENT":"68aa89d5-f498-44b3-b3f5-7c794f503c11"}]}
COMMAND: POST /session/007108edf23749a67bbf856c3c8bc8c6/element - {"using":"css selector","value":"#logout-button"}
RESULT: {"using":"css selector","value":"#logout-button"}
COMMAND: POST /session/007108edf23749a67bbf856c3c8bc8c6/element/68aa89d5-f498-44b3-b3f5-7c794f503c11/click - {}
RESULT: {}
COMMAND: POST /session/007108edf23749a67bbf856c3c8bc8c6/element - {"using":"css selector","value":"#login-button"}
RESULT: {"using":"css selector","value":"#login-button"}
COMMAND: POST /session/007108edf23749a67bbf856c3c8bc8c6/element - {"using":"css selector","value":"#login-button"}
RESULT: {"using":"css selector","value":"#login-button"}
COMMAND: POST /session/007108edf23749a67bbf856c3c8bc8c6/element - {"using":"css selector","value":"#login-button"}
RESULT: {"using":"css selector","value":"#login-button"}
COMMAND: POST /session/007108edf23749a67bbf856c3c8bc8c6/execute/sync - {"script":"return (function isElementDisplayed(element) {\n    function nodeIsElement(node) {\n        if (!node) {\n            return false;\n        }\n        switch (node.nodeType) {\n            case Node.ELEMEN ... (7762 more bytes)","args":[{"element-6066-11e4-a52e-4f735466cecf":"1120ae55-bc9f-4fc8-a5d8-2118f6e73e92","ELEMENT":"1120ae55-bc9f-4fc8-a5d8-2118f6e73e92"}]}
RESULT: {"script":"return (function isElementDisplayed(element) {\n    function nodeIsElement(node) {\n        if (!node) {\n            return false;\n        }\n        switch (node.nodeType) {\n            case Node.ELEMEN ... (7762 more bytes)","args":[{"element-6066-11e4-a52e-4f735466cecf":"1120ae55-bc9f-4fc8-a5d8-2118f6e73e92","ELEMENT":"1120ae55-bc9f-4fc8-a5d8-2118f6e73e92"}]}
]]></system-out>
    </testcase>
  </testsuite>
  <testsuite name="session token login" timestamp="2021-11-20T00:33:40" time="2.459" tests="1" failures="0" errors="0" skipped="0">
    <properties>
      <property name="specId" value="0"/>
      <property name="suiteName" value="session token login"/>
      <property name="capabilities" value="chrome.95_0_4638_69.macosx"/>
      <property name="file" value="./specs/app.e2e.js"/>
    </properties>
    <testcase classname="chrome.95_0_4638_69.macosx.Angular_+_Okta_App.session_token_login" name="should allow passing sessionToken to skip Okta login" time="2.459">
      <system-out><![CDATA[
COMMAND: POST /session/007108edf23749a67bbf856c3c8bc8c6/url - {"url":"http://localhost:8080/sessionToken-login"}
RESULT: {"url":"http://localhost:8080/sessionToken-login"}
COMMAND: POST /session/007108edf23749a67bbf856c3c8bc8c6/element - {"using":"css selector","value":"#submit"}
RESULT: {"using":"css selector","value":"#submit"}
COMMAND: POST /session/007108edf23749a67bbf856c3c8bc8c6/execute/sync - {"script":"return (function isElementDisplayed(element) {\n    function nodeIsElement(node) {\n        if (!node) {\n            return false;\n        }\n        switch (node.nodeType) {\n            case Node.ELEMEN ... (7762 more bytes)","args":[{"element-6066-11e4-a52e-4f735466cecf":"56c5a754-0dba-4185-9cc5-eaa7297c7a75","ELEMENT":"56c5a754-0dba-4185-9cc5-eaa7297c7a75"}]}
RESULT: {"script":"return (function isElementDisplayed(element) {\n    function nodeIsElement(node) {\n        if (!node) {\n            return false;\n        }\n        switch (node.nodeType) {\n            case Node.ELEMEN ... (7762 more bytes)","args":[{"element-6066-11e4-a52e-4f735466cecf":"56c5a754-0dba-4185-9cc5-eaa7297c7a75","ELEMENT":"56c5a754-0dba-4185-9cc5-eaa7297c7a75"}]}
COMMAND: POST /session/007108edf23749a67bbf856c3c8bc8c6/element - {"using":"css selector","value":"#username"}
RESULT: {"using":"css selector","value":"#username"}
COMMAND: POST /session/007108edf23749a67bbf856c3c8bc8c6/element/89390399-452f-4971-841d-9525877a011c/clear - {}
RESULT: {}
COMMAND: POST /session/007108edf23749a67bbf856c3c8bc8c6/element/89390399-452f-4971-841d-9525877a011c/value - {"text":"george@acme.com"}
RESULT: {"text":"george@acme.com"}
COMMAND: POST /session/007108edf23749a67bbf856c3c8bc8c6/element - {"using":"css selector","value":"#password"}
RESULT: {"using":"css selector","value":"#password"}
COMMAND: POST /session/007108edf23749a67bbf856c3c8bc8c6/element/17766dc1-5559-4e0c-b589-7485d3c5b016/clear - {}
RESULT: {}
COMMAND: POST /session/007108edf23749a67bbf856c3c8bc8c6/element/17766dc1-5559-4e0c-b589-7485d3c5b016/value - {"text":"Abcd1234"}
RESULT: {"text":"Abcd1234"}
COMMAND: POST /session/007108edf23749a67bbf856c3c8bc8c6/element - {"using":"css selector","value":"#submit"}
RESULT: {"using":"css selector","value":"#submit"}
COMMAND: POST /session/007108edf23749a67bbf856c3c8bc8c6/element/56c5a754-0dba-4185-9cc5-eaa7297c7a75/click - {}
RESULT: {}
COMMAND: POST /session/007108edf23749a67bbf856c3c8bc8c6/element - {"using":"css selector","value":"#logout-button"}
RESULT: {"using":"css selector","value":"#logout-button"}
COMMAND: POST /session/007108edf23749a67bbf856c3c8bc8c6/element - {"using":"css selector","value":"#logout-button"}
RESULT: {"using":"css selector","value":"#logout-button"}
COMMAND: POST /session/007108edf23749a67bbf856c3c8bc8c6/element - {"using":"css selector","value":"#logout-button"}
RESULT: {"using":"css selector","value":"#logout-button"}
COMMAND: POST /session/007108edf23749a67bbf856c3c8bc8c6/element - {"using":"css selector","value":"#logout-button"}
RESULT: {"using":"css selector","value":"#logout-button"}
COMMAND: POST /session/007108edf23749a67bbf856c3c8bc8c6/element - {"using":"css selector","value":"#logout-button"}
RESULT: {"using":"css selector","value":"#logout-button"}
COMMAND: POST /session/007108edf23749a67bbf856c3c8bc8c6/execute/sync - {"script":"return (function isElementDisplayed(element) {\n    function nodeIsElement(node) {\n        if (!node) {\n            return false;\n        }\n        switch (node.nodeType) {\n            case Node.ELEMEN ... (7762 more bytes)","args":[{"element-6066-11e4-a52e-4f735466cecf":"234dddef-9e79-4030-b64b-4415207e8d7a","ELEMENT":"234dddef-9e79-4030-b64b-4415207e8d7a"}]}
RESULT: {"script":"return (function isElementDisplayed(element) {\n    function nodeIsElement(node) {\n        if (!node) {\n            return false;\n        }\n        switch (node.nodeType) {\n            case Node.ELEMEN ... (7762 more bytes)","args":[{"element-6066-11e4-a52e-4f735466cecf":"234dddef-9e79-4030-b64b-4415207e8d7a","ELEMENT":"234dddef-9e79-4030-b64b-4415207e8d7a"}]}
COMMAND: POST /session/007108edf23749a67bbf856c3c8bc8c6/element - {"using":"css selector","value":"#logout-button"}
RESULT: {"using":"css selector","value":"#logout-button"}
COMMAND: POST /session/007108edf23749a67bbf856c3c8bc8c6/execute/sync - {"script":"return (function isElementDisplayed(element) {\n    function nodeIsElement(node) {\n        if (!node) {\n            return false;\n        }\n        switch (node.nodeType) {\n            case Node.ELEMEN ... (7762 more bytes)","args":[{"element-6066-11e4-a52e-4f735466cecf":"234dddef-9e79-4030-b64b-4415207e8d7a","ELEMENT":"234dddef-9e79-4030-b64b-4415207e8d7a"}]}
RESULT: {"script":"return (function isElementDisplayed(element) {\n    function nodeIsElement(node) {\n        if (!node) {\n            return false;\n        }\n        switch (node.nodeType) {\n            case Node.ELEMEN ... (7762 more bytes)","args":[{"element-6066-11e4-a52e-4f735466cecf":"234dddef-9e79-4030-b64b-4415207e8d7a","ELEMENT":"234dddef-9e79-4030-b64b-4415207e8d7a"}]}
COMMAND: POST /session/007108edf23749a67bbf856c3c8bc8c6/element - {"using":"css selector","value":"#logout-button"}
RESULT: {"using":"css selector","value":"#logout-button"}
COMMAND: POST /session/007108edf23749a67bbf856c3c8bc8c6/element/234dddef-9e79-4030-b64b-4415207e8d7a/click - {}
RESULT: {}
COMMAND: POST /session/007108edf23749a67bbf856c3c8bc8c6/element - {"using":"css selector","value":"#login-button"}
RESULT: {"using":"css selector","value":"#login-button"}
COMMAND: POST /session/007108edf23749a67bbf856c3c8bc8c6/element - {"using":"css selector","value":"#login-button"}
RESULT: {"using":"css selector","value":"#login-button"}
COMMAND: POST /session/007108edf23749a67bbf856c3c8bc8c6/element - {"using":"css selector","value":"#login-button"}
RESULT: {"using":"css selector","value":"#login-button"}
COMMAND: POST /session/007108edf23749a67bbf856c3c8bc8c6/execute/sync - {"script":"return (function isElementDisplayed(element) {\n    function nodeIsElement(node) {\n        if (!node) {\n            return false;\n        }\n        switch (node.nodeType) {\n            case Node.ELEMEN ... (7762 more bytes)","args":[{"element-6066-11e4-a52e-4f735466cecf":"bd9fa6c2-9c59-470d-b7b3-7f06e21cff9e","ELEMENT":"bd9fa6c2-9c59-470d-b7b3-7f06e21cff9e"}]}
RESULT: {"script":"return (function isElementDisplayed(element) {\n    function nodeIsElement(node) {\n        if (!node) {\n            return false;\n        }\n        switch (node.nodeType) {\n            case Node.ELEMEN ... (7762 more bytes)","args":[{"element-6066-11e4-a52e-4f735466cecf":"bd9fa6c2-9c59-470d-b7b3-7f06e21cff9e","ELEMENT":"bd9fa6c2-9c59-470d-b7b3-7f06e21cff9e"}]}
]]></system-out>
    </testcase>
  </testsuite>
  <testsuite name="child route guard" timestamp="2021-11-20T00:33:42" time="2.797" tests="2" failures="0" errors="0" skipped="0">
    <properties>
      <property name="specId" value="0"/>
      <property name="suiteName" value="child route guard"/>
      <property name="capabilities" value="chrome.95_0_4638_69.macosx"/>
      <property name="file" value="./specs/app.e2e.js"/>
    </properties>
    <testcase classname="chrome.95_0_4638_69.macosx.Angular_+_Okta_App.child_route_guard" name="displays the parent route without authentication" time="0.137">
      <system-out><![CDATA[
COMMAND: POST /session/007108edf23749a67bbf856c3c8bc8c6/url - {"url":"http://localhost:8080/public"}
RESULT: {"url":"http://localhost:8080/public"}
COMMAND: POST /session/007108edf23749a67bbf856c3c8bc8c6/element - {"using":"css selector","value":"app-public"}
RESULT: {"using":"css selector","value":"app-public"}
COMMAND: POST /session/007108edf23749a67bbf856c3c8bc8c6/execute/sync - {"script":"return (function isElementDisplayed(element) {\n    function nodeIsElement(node) {\n        if (!node) {\n            return false;\n        }\n        switch (node.nodeType) {\n            case Node.ELEMEN ... (7762 more bytes)","args":[{"element-6066-11e4-a52e-4f735466cecf":"bc45c9f8-2107-45d6-b37f-4a9b8b7646fb","ELEMENT":"bc45c9f8-2107-45d6-b37f-4a9b8b7646fb"}]}
RESULT: {"script":"return (function isElementDisplayed(element) {\n    function nodeIsElement(node) {\n        if (!node) {\n            return false;\n        }\n        switch (node.nodeType) {\n            case Node.ELEMEN ... (7762 more bytes)","args":[{"element-6066-11e4-a52e-4f735466cecf":"bc45c9f8-2107-45d6-b37f-4a9b8b7646fb","ELEMENT":"bc45c9f8-2107-45d6-b37f-4a9b8b7646fb"}]}
COMMAND: POST /session/007108edf23749a67bbf856c3c8bc8c6/element - {"using":"css selector","value":"app-public"}
RESULT: {"using":"css selector","value":"app-public"}
COMMAND: GET /session/007108edf23749a67bbf856c3c8bc8c6/element/bc45c9f8-2107-45d6-b37f-4a9b8b7646fb/text - {}
RESULT: {}
COMMAND: POST /session/007108edf23749a67bbf856c3c8bc8c6/element - {"using":"css selector","value":"app-secure"}
RESULT: {"using":"css selector","value":"app-secure"}
COMMAND: POST /session/007108edf23749a67bbf856c3c8bc8c6/elements - {"using":"css selector","value":"app-secure"}
RESULT: {"using":"css selector","value":"app-secure"}
]]></system-out>
    </testcase>
    <testcase classname="chrome.95_0_4638_69.macosx.Angular_+_Okta_App.child_route_guard" name="displays the child route with authentication" time="2.659">
      <system-out><![CDATA[
COMMAND: POST /session/007108edf23749a67bbf856c3c8bc8c6/element - {"using":"css selector","value":"#okta-signin-submit"}
COMMAND: POST /session/007108edf23749a67bbf856c3c8bc8c6/element - {"using":"css selector","value":"#okta-signin-username"}
COMMAND: POST /session/007108edf23749a67bbf856c3c8bc8c6/element - {"using":"css selector","value":"app-public"}
COMMAND: POST /session/007108edf23749a67bbf856c3c8bc8c6/element - {"using":"css selector","value":"#logout-button"}
COMMAND: POST /session/007108edf23749a67bbf856c3c8bc8c6/element - {"using":"css selector","value":"app-public"}
COMMAND: POST /session/007108edf23749a67bbf856c3c8bc8c6/url - {"url":"http://localhost:8080/public/private"}
RESULT: {"using":"css selector","value":"#okta-signin-submit"}
COMMAND: POST /session/007108edf23749a67bbf856c3c8bc8c6/element - {"using":"css selector","value":"#okta-signin-submit"}
RESULT: {"using":"css selector","value":"#logout-button"}
COMMAND: POST /session/007108edf23749a67bbf856c3c8bc8c6/element - {"using":"css selector","value":"#logout-button"}
RESULT: {"using":"css selector","value":"app-public"}
COMMAND: GET /session/007108edf23749a67bbf856c3c8bc8c6/element/bc45c9f8-2107-45d6-b37f-4a9b8b7646fb/text - {}
RESULT: {"url":"http://localhost:8080/public/private"}
RESULT: {"using":"css selector","value":"app-public"}
COMMAND: POST /session/007108edf23749a67bbf856c3c8bc8c6/element - {"using":"css selector","value":"app-public"}
RESULT: {"using":"css selector","value":"#okta-signin-submit"}
COMMAND: POST /session/007108edf23749a67bbf856c3c8bc8c6/execute/sync - {"script":"return (function isElementDisplayed(element) {\n    function nodeIsElement(node) {\n        if (!node) {\n            return false;\n        }\n        switch (node.nodeType) {\n            case Node.ELEMEN ... (7762 more bytes)","args":[{"element-6066-11e4-a52e-4f735466cecf":"de86ea2c-075b-49d5-8f69-797e1428a0c7","ELEMENT":"de86ea2c-075b-49d5-8f69-797e1428a0c7"}]}
RESULT: {"using":"css selector","value":"#okta-signin-username"}
COMMAND: POST /session/007108edf23749a67bbf856c3c8bc8c6/element/b93e6be2-3c6e-4b5f-aecc-d9a172881b49/clear - {}
RESULT: {"using":"css selector","value":"#logout-button"}
RESULT: {"using":"css selector","value":"app-public"}
COMMAND: POST /session/007108edf23749a67bbf856c3c8bc8c6/element - {"using":"css selector","value":"app-public"}
RESULT: {"script":"return (function isElementDisplayed(element) {\n    function nodeIsElement(node) {\n        if (!node) {\n            return false;\n        }\n        switch (node.nodeType) {\n            case Node.ELEMEN ... (7762 more bytes)","args":[{"element-6066-11e4-a52e-4f735466cecf":"de86ea2c-075b-49d5-8f69-797e1428a0c7","ELEMENT":"de86ea2c-075b-49d5-8f69-797e1428a0c7"}]}
RESULT: {}
COMMAND: POST /session/007108edf23749a67bbf856c3c8bc8c6/element/b93e6be2-3c6e-4b5f-aecc-d9a172881b49/value - {"text":"george@acme.com"}
COMMAND: POST /session/007108edf23749a67bbf856c3c8bc8c6/element - {"using":"css selector","value":"#logout-button"}
COMMAND: POST /session/007108edf23749a67bbf856c3c8bc8c6/element - {"using":"css selector","value":"app-public"}
RESULT: {"using":"css selector","value":"app-public"}
COMMAND: POST /session/007108edf23749a67bbf856c3c8bc8c6/elements - {"using":"css selector","value":"app-public"}
RESULT: {"text":"george@acme.com"}
COMMAND: POST /session/007108edf23749a67bbf856c3c8bc8c6/element - {"using":"css selector","value":"#okta-signin-password"}
RESULT: {"using":"css selector","value":"#logout-button"}
RESULT: {"using":"css selector","value":"app-public"}
RESULT: {"using":"css selector","value":"#okta-signin-password"}
COMMAND: POST /session/007108edf23749a67bbf856c3c8bc8c6/element/ff4bda22-6ab8-48f3-9b14-5205ad4e614e/clear - {}
RESULT: {"using":"css selector","value":"app-public"}
RESULT: {}
COMMAND: POST /session/007108edf23749a67bbf856c3c8bc8c6/element/ff4bda22-6ab8-48f3-9b14-5205ad4e614e/value - {"text":"Abcd1234"}
RESULT: {"text":"Abcd1234"}
COMMAND: POST /session/007108edf23749a67bbf856c3c8bc8c6/element - {"using":"css selector","value":"#okta-signin-submit"}
RESULT: {"using":"css selector","value":"#okta-signin-submit"}
COMMAND: POST /session/007108edf23749a67bbf856c3c8bc8c6/element/de86ea2c-075b-49d5-8f69-797e1428a0c7/click - {}
RESULT: {}
COMMAND: POST /session/007108edf23749a67bbf856c3c8bc8c6/element - {"using":"css selector","value":"#logout-button"}
COMMAND: POST /session/007108edf23749a67bbf856c3c8bc8c6/element - {"using":"css selector","value":"app-public"}
COMMAND: POST /session/007108edf23749a67bbf856c3c8bc8c6/elements - {"using":"css selector","value":"app-public"}
RESULT: {"using":"css selector","value":"#logout-button"}
RESULT: {"using":"css selector","value":"app-public"}
RESULT: {"using":"css selector","value":"app-public"}
COMMAND: POST /session/007108edf23749a67bbf856c3c8bc8c6/element - {"using":"css selector","value":"#logout-button"}
COMMAND: POST /session/007108edf23749a67bbf856c3c8bc8c6/element - {"using":"css selector","value":"app-public"}
COMMAND: POST /session/007108edf23749a67bbf856c3c8bc8c6/elements - {"using":"css selector","value":"app-public"}
RESULT: {"using":"css selector","value":"#logout-button"}
RESULT: {"using":"css selector","value":"app-public"}
RESULT: {"using":"css selector","value":"app-public"}
COMMAND: POST /session/007108edf23749a67bbf856c3c8bc8c6/element - {"using":"css selector","value":"#logout-button"}
COMMAND: POST /session/007108edf23749a67bbf856c3c8bc8c6/element - {"using":"css selector","value":"app-public"}
COMMAND: POST /session/007108edf23749a67bbf856c3c8bc8c6/elements - {"using":"css selector","value":"app-public"}
RESULT: {"using":"css selector","value":"#logout-button"}
COMMAND: POST /session/007108edf23749a67bbf856c3c8bc8c6/execute/sync - {"script":"return (function isElementDisplayed(element) {\n    function nodeIsElement(node) {\n        if (!node) {\n            return false;\n        }\n        switch (node.nodeType) {\n            case Node.ELEMEN ... (7762 more bytes)","args":[{"element-6066-11e4-a52e-4f735466cecf":"620dca80-9af2-40dc-a3cd-be6d6988fbb7","ELEMENT":"620dca80-9af2-40dc-a3cd-be6d6988fbb7"}]}
RESULT: {"using":"css selector","value":"app-public"}
COMMAND: POST /session/007108edf23749a67bbf856c3c8bc8c6/execute/sync - {"script":"return (function isElementDisplayed(element) {\n    function nodeIsElement(node) {\n        if (!node) {\n            return false;\n        }\n        switch (node.nodeType) {\n            case Node.ELEMEN ... (7762 more bytes)","args":[{"element-6066-11e4-a52e-4f735466cecf":"62ccb182-3788-4032-909d-d8c8c7725a3b","ELEMENT":"62ccb182-3788-4032-909d-d8c8c7725a3b"}]}
RESULT: {"using":"css selector","value":"app-public"}
COMMAND: POST /session/007108edf23749a67bbf856c3c8bc8c6/element - {"using":"css selector","value":"app-public"}
RESULT: {"script":"return (function isElementDisplayed(element) {\n    function nodeIsElement(node) {\n        if (!node) {\n            return false;\n        }\n        switch (node.nodeType) {\n            case Node.ELEMEN ... (7762 more bytes)","args":[{"element-6066-11e4-a52e-4f735466cecf":"620dca80-9af2-40dc-a3cd-be6d6988fbb7","ELEMENT":"620dca80-9af2-40dc-a3cd-be6d6988fbb7"}]}
RESULT: {"script":"return (function isElementDisplayed(element) {\n    function nodeIsElement(node) {\n        if (!node) {\n            return false;\n        }\n        switch (node.nodeType) {\n            case Node.ELEMEN ... (7762 more bytes)","args":[{"element-6066-11e4-a52e-4f735466cecf":"62ccb182-3788-4032-909d-d8c8c7725a3b","ELEMENT":"62ccb182-3788-4032-909d-d8c8c7725a3b"}]}
RESULT: {"using":"css selector","value":"app-public"}
COMMAND: GET /session/007108edf23749a67bbf856c3c8bc8c6/element/bc45c9f8-2107-45d6-b37f-4a9b8b7646fb/text - {}
COMMAND: POST /session/007108edf23749a67bbf856c3c8bc8c6/element - {"using":"css selector","value":"app-public"}
RESULT: {"using":"css selector","value":"app-public"}
COMMAND: GET /session/007108edf23749a67bbf856c3c8bc8c6/element/62ccb182-3788-4032-909d-d8c8c7725a3b/text - {}
RESULT: {}
COMMAND: POST /session/007108edf23749a67bbf856c3c8bc8c6/element - {"using":"css selector","value":"app-secure"}
RESULT: {"using":"css selector","value":"app-secure"}
COMMAND: GET /session/007108edf23749a67bbf856c3c8bc8c6/element/1dd2212f-c6f8-484a-8c1d-da932485764f/text - {}
RESULT: {}
COMMAND: POST /session/007108edf23749a67bbf856c3c8bc8c6/element - {"using":"css selector","value":"#logout-button"}
RESULT: {"using":"css selector","value":"#logout-button"}
COMMAND: POST /session/007108edf23749a67bbf856c3c8bc8c6/execute/sync - {"script":"return (function isElementDisplayed(element) {\n    function nodeIsElement(node) {\n        if (!node) {\n            return false;\n        }\n        switch (node.nodeType) {\n            case Node.ELEMEN ... (7762 more bytes)","args":[{"element-6066-11e4-a52e-4f735466cecf":"620dca80-9af2-40dc-a3cd-be6d6988fbb7","ELEMENT":"620dca80-9af2-40dc-a3cd-be6d6988fbb7"}]}
RESULT: {"script":"return (function isElementDisplayed(element) {\n    function nodeIsElement(node) {\n        if (!node) {\n            return false;\n        }\n        switch (node.nodeType) {\n            case Node.ELEMEN ... (7762 more bytes)","args":[{"element-6066-11e4-a52e-4f735466cecf":"620dca80-9af2-40dc-a3cd-be6d6988fbb7","ELEMENT":"620dca80-9af2-40dc-a3cd-be6d6988fbb7"}]}
COMMAND: POST /session/007108edf23749a67bbf856c3c8bc8c6/element - {"using":"css selector","value":"#logout-button"}
RESULT: {"using":"css selector","value":"#logout-button"}
COMMAND: POST /session/007108edf23749a67bbf856c3c8bc8c6/element/620dca80-9af2-40dc-a3cd-be6d6988fbb7/click - {}
RESULT: {}
COMMAND: POST /session/007108edf23749a67bbf856c3c8bc8c6/element - {"using":"css selector","value":"#login-button"}
RESULT: {"using":"css selector","value":"#login-button"}
COMMAND: POST /session/007108edf23749a67bbf856c3c8bc8c6/element - {"using":"css selector","value":"#login-button"}
RESULT: {"using":"css selector","value":"#login-button"}
COMMAND: POST /session/007108edf23749a67bbf856c3c8bc8c6/element - {"using":"css selector","value":"#login-button"}
RESULT: {"using":"css selector","value":"#login-button"}
COMMAND: POST /session/007108edf23749a67bbf856c3c8bc8c6/execute/sync - {"script":"return (function isElementDisplayed(element) {\n    function nodeIsElement(node) {\n        if (!node) {\n            return false;\n        }\n        switch (node.nodeType) {\n            case Node.ELEMEN ... (7762 more bytes)","args":[{"element-6066-11e4-a52e-4f735466cecf":"dc47bed6-6f12-4bb8-b86f-bbb417542b51","ELEMENT":"dc47bed6-6f12-4bb8-b86f-bbb417542b51"}]}
RESULT: {"script":"return (function isElementDisplayed(element) {\n    function nodeIsElement(node) {\n        if (!node) {\n            return false;\n        }\n        switch (node.nodeType) {\n            case Node.ELEMEN ... (7762 more bytes)","args":[{"element-6066-11e4-a52e-4f735466cecf":"dc47bed6-6f12-4bb8-b86f-bbb417542b51","ELEMENT":"dc47bed6-6f12-4bb8-b86f-bbb417542b51"}]}
]]></system-out>
    </testcase>
  </testsuite>
  <testsuite name="Role Based Access Control RBAC" timestamp="2021-11-20T00:33:45" time="3.746" tests="0" failures="0" errors="0" skipped="0">
    <properties>
      <property name="specId" value="0"/>
      <property name="suiteName" value="Role Based Access Control (RBAC)"/>
      <property name="capabilities" value="chrome.95_0_4638_69.macosx"/>
      <property name="file" value="./specs/app.e2e.js"/>
    </properties>
  </testsuite>
  <testsuite name="isAuthenticated false" timestamp="2021-11-20T00:33:45" time="0.126" tests="1" failures="0" errors="0" skipped="0">
    <properties>
      <property name="specId" value="0"/>
      <property name="suiteName" value="isAuthenticated === false"/>
      <property name="capabilities" value="chrome.95_0_4638_69.macosx"/>
      <property name="file" value="./specs/app.e2e.js"/>
    </properties>
    <testcase classname="chrome.95_0_4638_69.macosx.Angular_+_Okta_App.Role_Based_Access_Control_(RBAC).isAuthenticated_===_false" name="not display elements" time="0.126">
      <system-out><![CDATA[
COMMAND: POST /session/007108edf23749a67bbf856c3c8bc8c6/url - {"url":"http://localhost:8080/group"}
RESULT: {"url":"http://localhost:8080/group"}
COMMAND: POST /session/007108edf23749a67bbf856c3c8bc8c6/element - {"using":"css selector","value":"#in-group"}
RESULT: {"using":"css selector","value":"#in-group"}
COMMAND: POST /session/007108edf23749a67bbf856c3c8bc8c6/elements - {"using":"css selector","value":"#in-group"}
RESULT: {"using":"css selector","value":"#in-group"}
COMMAND: POST /session/007108edf23749a67bbf856c3c8bc8c6/element - {"using":"css selector","value":"#not-in-group"}
RESULT: {"using":"css selector","value":"#not-in-group"}
COMMAND: POST /session/007108edf23749a67bbf856c3c8bc8c6/elements - {"using":"css selector","value":"#not-in-group"}
RESULT: {"using":"css selector","value":"#not-in-group"}
]]></system-out>
    </testcase>
  </testsuite>
  <testsuite name="isAuthenticated true" timestamp="2021-11-20T00:33:45" time="3.618" tests="1" failures="0" errors="0" skipped="0">
    <properties>
      <property name="specId" value="0"/>
      <property name="suiteName" value="isAuthenticated === true"/>
      <property name="capabilities" value="chrome.95_0_4638_69.macosx"/>
      <property name="file" value="./specs/app.e2e.js"/>
    </properties>
    <testcase classname="chrome.95_0_4638_69.macosx.Role_Based_Access_Control_(RBAC).Angular_+_Okta_App.isAuthenticated_===_true" name="displays in group content" time="3.617">
      <system-out><![CDATA[
COMMAND: POST /session/007108edf23749a67bbf856c3c8bc8c6/url - {"url":"http://localhost:8080/"}
RESULT: {"url":"http://localhost:8080/"}
COMMAND: POST /session/007108edf23749a67bbf856c3c8bc8c6/element - {"using":"css selector","value":"#login-button"}
RESULT: {"using":"css selector","value":"#login-button"}
COMMAND: POST /session/007108edf23749a67bbf856c3c8bc8c6/execute/sync - {"script":"return (function isElementDisplayed(element) {\n    function nodeIsElement(node) {\n        if (!node) {\n            return false;\n        }\n        switch (node.nodeType) {\n            case Node.ELEMEN ... (7762 more bytes)","args":[{"element-6066-11e4-a52e-4f735466cecf":"bb8c6c72-8a0c-4d87-a04b-fc0413c03b5c","ELEMENT":"bb8c6c72-8a0c-4d87-a04b-fc0413c03b5c"}]}
RESULT: {"script":"return (function isElementDisplayed(element) {\n    function nodeIsElement(node) {\n        if (!node) {\n            return false;\n        }\n        switch (node.nodeType) {\n            case Node.ELEMEN ... (7762 more bytes)","args":[{"element-6066-11e4-a52e-4f735466cecf":"bb8c6c72-8a0c-4d87-a04b-fc0413c03b5c","ELEMENT":"bb8c6c72-8a0c-4d87-a04b-fc0413c03b5c"}]}
COMMAND: POST /session/007108edf23749a67bbf856c3c8bc8c6/element - {"using":"css selector","value":"#login-button"}
RESULT: {"using":"css selector","value":"#login-button"}
COMMAND: POST /session/007108edf23749a67bbf856c3c8bc8c6/element/bb8c6c72-8a0c-4d87-a04b-fc0413c03b5c/click - {}
RESULT: {}
COMMAND: POST /session/007108edf23749a67bbf856c3c8bc8c6/element - {"using":"css selector","value":"#okta-signin-submit"}
RESULT: {"using":"css selector","value":"#okta-signin-submit"}
COMMAND: POST /session/007108edf23749a67bbf856c3c8bc8c6/execute/sync - {"script":"return (function isElementDisplayed(element) {\n    function nodeIsElement(node) {\n        if (!node) {\n            return false;\n        }\n        switch (node.nodeType) {\n            case Node.ELEMEN ... (7762 more bytes)","args":[{"element-6066-11e4-a52e-4f735466cecf":"9130009b-3a67-41e6-b7fc-b75d2d9ab8e5","ELEMENT":"9130009b-3a67-41e6-b7fc-b75d2d9ab8e5"}]}
RESULT: {"script":"return (function isElementDisplayed(element) {\n    function nodeIsElement(node) {\n        if (!node) {\n            return false;\n        }\n        switch (node.nodeType) {\n            case Node.ELEMEN ... (7762 more bytes)","args":[{"element-6066-11e4-a52e-4f735466cecf":"9130009b-3a67-41e6-b7fc-b75d2d9ab8e5","ELEMENT":"9130009b-3a67-41e6-b7fc-b75d2d9ab8e5"}]}
COMMAND: POST /session/007108edf23749a67bbf856c3c8bc8c6/element - {"using":"css selector","value":"#okta-signin-username"}
RESULT: {"using":"css selector","value":"#okta-signin-username"}
COMMAND: POST /session/007108edf23749a67bbf856c3c8bc8c6/element/a1dbdd0f-ed2f-4306-8978-434bfba33b26/clear - {}
RESULT: {}
COMMAND: POST /session/007108edf23749a67bbf856c3c8bc8c6/element/a1dbdd0f-ed2f-4306-8978-434bfba33b26/value - {"text":"george@acme.com"}
RESULT: {"text":"george@acme.com"}
COMMAND: POST /session/007108edf23749a67bbf856c3c8bc8c6/element - {"using":"css selector","value":"#okta-signin-password"}
RESULT: {"using":"css selector","value":"#okta-signin-password"}
COMMAND: POST /session/007108edf23749a67bbf856c3c8bc8c6/element/41af4fcd-589a-4a7b-91a5-8a1e1f274ac0/clear - {}
RESULT: {}
COMMAND: POST /session/007108edf23749a67bbf856c3c8bc8c6/element/41af4fcd-589a-4a7b-91a5-8a1e1f274ac0/value - {"text":"Abcd1234"}
RESULT: {"text":"Abcd1234"}
COMMAND: POST /session/007108edf23749a67bbf856c3c8bc8c6/element - {"using":"css selector","value":"#okta-signin-submit"}
RESULT: {"using":"css selector","value":"#okta-signin-submit"}
COMMAND: POST /session/007108edf23749a67bbf856c3c8bc8c6/element/9130009b-3a67-41e6-b7fc-b75d2d9ab8e5/click - {}
RESULT: {}
COMMAND: POST /session/007108edf23749a67bbf856c3c8bc8c6/element - {"using":"css selector","value":"#logout-button"}
RESULT: {"using":"css selector","value":"#logout-button"}
COMMAND: POST /session/007108edf23749a67bbf856c3c8bc8c6/element - {"using":"css selector","value":"#logout-button"}
RESULT: {"using":"css selector","value":"#logout-button"}
COMMAND: POST /session/007108edf23749a67bbf856c3c8bc8c6/element - {"using":"css selector","value":"#logout-button"}
RESULT: {"using":"css selector","value":"#logout-button"}
COMMAND: POST /session/007108edf23749a67bbf856c3c8bc8c6/element - {"using":"css selector","value":"#logout-button"}
RESULT: {"using":"css selector","value":"#logout-button"}
COMMAND: POST /session/007108edf23749a67bbf856c3c8bc8c6/element - {"using":"css selector","value":"#logout-button"}
RESULT: {"using":"css selector","value":"#logout-button"}
COMMAND: POST /session/007108edf23749a67bbf856c3c8bc8c6/execute/sync - {"script":"return (function isElementDisplayed(element) {\n    function nodeIsElement(node) {\n        if (!node) {\n            return false;\n        }\n        switch (node.nodeType) {\n            case Node.ELEMEN ... (7762 more bytes)","args":[{"element-6066-11e4-a52e-4f735466cecf":"c6c80727-ddd5-4fdb-9092-d56640a5ab17","ELEMENT":"c6c80727-ddd5-4fdb-9092-d56640a5ab17"}]}
RESULT: {"script":"return (function isElementDisplayed(element) {\n    function nodeIsElement(node) {\n        if (!node) {\n            return false;\n        }\n        switch (node.nodeType) {\n            case Node.ELEMEN ... (7762 more bytes)","args":[{"element-6066-11e4-a52e-4f735466cecf":"c6c80727-ddd5-4fdb-9092-d56640a5ab17","ELEMENT":"c6c80727-ddd5-4fdb-9092-d56640a5ab17"}]}
COMMAND: POST /session/007108edf23749a67bbf856c3c8bc8c6/url - {"url":"http://localhost:8080/group"}
RESULT: {"url":"http://localhost:8080/group"}
COMMAND: POST /session/007108edf23749a67bbf856c3c8bc8c6/element - {"using":"css selector","value":"#in-group"}
RESULT: {"using":"css selector","value":"#in-group"}
COMMAND: POST /session/007108edf23749a67bbf856c3c8bc8c6/elements - {"using":"css selector","value":"#in-group"}
RESULT: {"using":"css selector","value":"#in-group"}
COMMAND: POST /session/007108edf23749a67bbf856c3c8bc8c6/elements - {"using":"css selector","value":"#in-group"}
RESULT: {"using":"css selector","value":"#in-group"}
COMMAND: POST /session/007108edf23749a67bbf856c3c8bc8c6/element - {"using":"css selector","value":"#in-group"}
RESULT: {"using":"css selector","value":"#in-group"}
COMMAND: GET /session/007108edf23749a67bbf856c3c8bc8c6/element/6fb37643-a326-4d46-a0e1-249b2a2cd846/text - {}
RESULT: {}
COMMAND: POST /session/007108edf23749a67bbf856c3c8bc8c6/element - {"using":"css selector","value":"#not-in-group"}
RESULT: {"using":"css selector","value":"#not-in-group"}
COMMAND: POST /session/007108edf23749a67bbf856c3c8bc8c6/elements - {"using":"css selector","value":"#not-in-group"}
RESULT: {"using":"css selector","value":"#not-in-group"}
COMMAND: POST /session/007108edf23749a67bbf856c3c8bc8c6/element - {"using":"css selector","value":"#logout-button"}
RESULT: {"using":"css selector","value":"#logout-button"}
COMMAND: POST /session/007108edf23749a67bbf856c3c8bc8c6/execute/sync - {"script":"return (function isElementDisplayed(element) {\n    function nodeIsElement(node) {\n        if (!node) {\n            return false;\n        }\n        switch (node.nodeType) {\n            case Node.ELEMEN ... (7762 more bytes)","args":[{"element-6066-11e4-a52e-4f735466cecf":"b6049055-742f-423f-ad41-73c68f2b84b3","ELEMENT":"b6049055-742f-423f-ad41-73c68f2b84b3"}]}
RESULT: {"script":"return (function isElementDisplayed(element) {\n    function nodeIsElement(node) {\n        if (!node) {\n            return false;\n        }\n        switch (node.nodeType) {\n            case Node.ELEMEN ... (7762 more bytes)","args":[{"element-6066-11e4-a52e-4f735466cecf":"b6049055-742f-423f-ad41-73c68f2b84b3","ELEMENT":"b6049055-742f-423f-ad41-73c68f2b84b3"}]}
COMMAND: POST /session/007108edf23749a67bbf856c3c8bc8c6/element - {"using":"css selector","value":"#logout-button"}
RESULT: {"using":"css selector","value":"#logout-button"}
COMMAND: POST /session/007108edf23749a67bbf856c3c8bc8c6/element/b6049055-742f-423f-ad41-73c68f2b84b3/click - {}
RESULT: {}
COMMAND: POST /session/007108edf23749a67bbf856c3c8bc8c6/element - {"using":"css selector","value":"#login-button"}
RESULT: {"using":"css selector","value":"#login-button"}
COMMAND: POST /session/007108edf23749a67bbf856c3c8bc8c6/element - {"using":"css selector","value":"#login-button"}
RESULT: {"using":"css selector","value":"#login-button"}
COMMAND: POST /session/007108edf23749a67bbf856c3c8bc8c6/element - {"using":"css selector","value":"#login-button"}
RESULT: {"using":"css selector","value":"#login-button"}
COMMAND: POST /session/007108edf23749a67bbf856c3c8bc8c6/execute/sync - {"script":"return (function isElementDisplayed(element) {\n    function nodeIsElement(node) {\n        if (!node) {\n            return false;\n        }\n        switch (node.nodeType) {\n            case Node.ELEMEN ... (7762 more bytes)","args":[{"element-6066-11e4-a52e-4f735466cecf":"6d58f521-fad0-4b5a-9c44-eef3195a2778","ELEMENT":"6d58f521-fad0-4b5a-9c44-eef3195a2778"}]}
RESULT: {"script":"return (function isElementDisplayed(element) {\n    function nodeIsElement(node) {\n        if (!node) {\n            return false;\n        }\n        switch (node.nodeType) {\n            case Node.ELEMEN ... (7762 more bytes)","args":[{"element-6066-11e4-a52e-4f735466cecf":"6d58f521-fad0-4b5a-9c44-eef3195a2778","ELEMENT":"6d58f521-fad0-4b5a-9c44-eef3195a2778"}]}
COMMAND: DELETE /session/007108edf23749a67bbf856c3c8bc8c6 - {}
RESULT: {}
]]></system-out>
    </testcase>
  </testsuite>
</testsuites>